2025-04-14 15:27:43,977 - web_automation - INFO - 설정 파일 로드 완료: config_samples.json
2025-04-14 15:27:43,977 - web_automation - INFO - DISPLAY 환경변수 설정: :99
2025-04-14 15:27:44,874 - web_automation - INFO - 드라이버 설정 완료 (브라우저: chrome, 헤드리스: True)
2025-04-14 15:27:44,874 - web_automation - INFO - 대상 처리 시작: 네이버 검색 (https://www.naver.com)
2025-04-14 15:27:45,966 - web_automation - INFO - 페이지 로딩 완료: https://www.naver.com
2025-04-14 15:27:46,217 - web_automation - INFO - 스크린샷 저장: screenshots/naver_home.png
2025-04-14 15:27:46,335 - web_automation - INFO - 입력 완료: '셀레니움 자동화' (제출: True)
2025-04-14 15:27:49,336 - web_automation - INFO - 3초 대기 완료
2025-04-14 15:27:49,410 - web_automation - INFO - 스크린샷 저장: screenshots/naver_search_results.png
2025-04-14 15:27:49,452 - web_automation - INFO - 데이터 추출 완료: 9개 항목
2025-04-14 15:27:49,452 - web_automation - INFO - 추출 결과 저장: results/naver_search_results.txt
2025-04-14 15:27:49,454 - web_automation - INFO - 결과 저장 완료: results/result_네이버_검색_20250414_152749.txt
2025-04-14 15:27:49,454 - web_automation - INFO - 대상 처리 시작: 구글 검색 (https://www.google.com)
2025-04-14 15:27:50,363 - web_automation - INFO - 페이지 로딩 완료: https://www.google.com
2025-04-14 15:27:50,534 - web_automation - INFO - 입력 완료: 'Python Selenium 자동화' (제출: True)
2025-04-14 15:27:53,534 - web_automation - INFO - 3초 대기 완료
2025-04-14 15:27:53,606 - web_automation - INFO - 스크린샷 저장: screenshots/google_search_results.png
2025-04-14 15:27:53,611 - web_automation - INFO - 데이터 추출 완료: 0개 항목
2025-04-14 15:27:53,611 - web_automation - INFO - 추출 결과 저장: results/google_search_results.txt
2025-04-14 15:27:53,614 - web_automation - INFO - 결과 저장 완료: results/result_구글_검색_20250414_152753.txt
2025-04-14 15:27:53,614 - web_automation - INFO - 모든 작업 완료
2025-04-14 15:27:53,679 - web_automation - INFO - 드라이버 종료
