[0;33m[INFO][0m [2025-04-14 15:26:57] ë¡œê¹… ì‹œì‘: logs/setup_20250414_152657.log
[0;33m[INFO][0m [2025-04-14 15:26:57] ì„¤ì • íŒŒì¼ì„ ì°¾ì„ ìˆ˜ ì—†ìŠµë‹ˆë‹¤. ê¸°ë³¸ê°’ì„ ì‚¬ìš©í•©ë‹ˆë‹¤.
[0;33m[INFO][0m [2025-04-14 15:26:57] ê¸°ë³¸ ì„¤ì • íŒŒì¼ì´ ìƒì„±ë˜ì—ˆìŠµë‹ˆë‹¤: ./selenium_setup.conf
[0;33m[INFO][0m [2025-04-14 15:26:57] ì‘ì—… ë””ë ‰í† ë¦¬ ìƒì„± ì¤‘...
[0;32m[SUCCESS][0m [2025-04-14 15:26:57] ë””ë ‰í† ë¦¬ ìƒì„± ì™„ë£Œ
[0;33m[INFO][0m [2025-04-14 15:26:57] ìš´ì˜ì²´ì œ í™•ì¸ ë° í•„ìš”í•œ ì†Œí”„íŠ¸ì›¨ì–´ ì„¤ì¹˜ ì¤‘...
[0;33m[INFO][0m [2025-04-14 15:26:57] Linux ìš´ì˜ì²´ì œ ê°ì§€ë¨
[0;33m[INFO][0m [2025-04-14 15:26:57] apt íŒ¨í‚¤ì§€ ë§¤ë‹ˆì € ì‚¬ìš©
Hit:1 https://download.docker.com/linux/ubuntu noble InRelease
Hit:2 https://dl.google.com/linux/chrome/deb stable InRelease
Hit:3 http://security.ubuntu.com/ubuntu noble-security InRelease
Get:4 https://dl.cloudsmith.io/public/caddy/stable/deb/debian any-version InRelease [8,266 B]
Hit:5 http://kr.archive.ubuntu.com/ubuntu noble InRelease
Hit:6 http://kr.archive.ubuntu.com/ubuntu noble-updates InRelease
Hit:7 http://kr.archive.ubuntu.com/ubuntu noble-backports InRelease
Fetched 8,266 B in 1s (6,314 B/s)
Reading package lists...
Reading package lists...
Building dependency tree...
Reading state information...
wget is already the newest version (1.21.4-1ubuntu4.1).
unzip is already the newest version (6.0-28ubuntu4.1).
python3 is already the newest version (3.12.3-0ubuntu2).
python3-pip is already the newest version (24.0+dfsg-1ubuntu1.1).
python3-venv is already the newest version (3.12.3-0ubuntu2).
0 upgraded, 0 newly installed, 0 to remove and 9 not upgraded.
[0;32m[SUCCESS][0m [2025-04-14 15:27:03] í™˜ê²½ ì„¤ì • ì™„ë£Œ
[0;33m[INFO][0m [2025-04-14 15:27:03] Python ê°€ìƒ í™˜ê²½ ì„¤ì • ì¤‘...
[0;33m[INFO][0m [2025-04-14 15:27:04] Python ê°€ìƒ í™˜ê²½ í™œì„±í™”ë¨
[0;32m[SUCCESS][0m [2025-04-14 15:27:04] Python ê°€ìƒ í™˜ê²½ ì„¤ì • ì™„ë£Œ
[0;33m[INFO][0m [2025-04-14 15:27:04] Python íŒ¨í‚¤ì§€ ì„¤ì¹˜ ì¤‘...
Requirement already satisfied: pip in ./venv/lib/python3.12/site-packages (24.0)
Collecting pip
  Using cached pip-25.0.1-py3-none-any.whl.metadata (3.7 kB)
Using cached pip-25.0.1-py3-none-any.whl (1.8 MB)
Installing collected packages: pip
  Attempting uninstall: pip
    Found existing installation: pip 24.0
    Uninstalling pip-24.0:
      Successfully uninstalled pip-24.0
Successfully installed pip-25.0.1
[0;33m[INFO][0m [2025-04-14 15:27:05] ê¸°ë³¸ Python íŒ¨í‚¤ì§€ ì„¤ì¹˜ ì¤‘...
Collecting selenium
  Using cached selenium-4.31.0-py3-none-any.whl.metadata (7.5 kB)
Collecting webdriver-manager
  Using cached webdriver_manager-4.0.2-py2.py3-none-any.whl.metadata (12 kB)
Collecting urllib3<3,>=1.26 (from urllib3[socks]<3,>=1.26->selenium)
  Using cached urllib3-2.4.0-py3-none-any.whl.metadata (6.5 kB)
Collecting trio~=0.17 (from selenium)
  Using cached trio-0.29.0-py3-none-any.whl.metadata (8.5 kB)
Collecting trio-websocket~=0.9 (from selenium)
  Using cached trio_websocket-0.12.2-py3-none-any.whl.metadata (5.1 kB)
Collecting certifi>=2021.10.8 (from selenium)
  Using cached certifi-2025.1.31-py3-none-any.whl.metadata (2.5 kB)
Collecting typing_extensions~=4.9 (from selenium)
  Using cached typing_extensions-4.13.2-py3-none-any.whl.metadata (3.0 kB)
Collecting websocket-client~=1.8 (from selenium)
  Using cached websocket_client-1.8.0-py3-none-any.whl.metadata (8.0 kB)
Collecting requests (from webdriver-manager)
  Using cached requests-2.32.3-py3-none-any.whl.metadata (4.6 kB)
Collecting python-dotenv (from webdriver-manager)
  Using cached python_dotenv-1.1.0-py3-none-any.whl.metadata (24 kB)
Collecting packaging (from webdriver-manager)
  Using cached packaging-24.2-py3-none-any.whl.metadata (3.2 kB)
Collecting attrs>=23.2.0 (from trio~=0.17->selenium)
  Using cached attrs-25.3.0-py3-none-any.whl.metadata (10 kB)
Collecting sortedcontainers (from trio~=0.17->selenium)
  Using cached sortedcontainers-2.4.0-py2.py3-none-any.whl.metadata (10 kB)
Collecting idna (from trio~=0.17->selenium)
  Using cached idna-3.10-py3-none-any.whl.metadata (10 kB)
Collecting outcome (from trio~=0.17->selenium)
  Using cached outcome-1.3.0.post0-py2.py3-none-any.whl.metadata (2.6 kB)
Collecting sniffio>=1.3.0 (from trio~=0.17->selenium)
  Using cached sniffio-1.3.1-py3-none-any.whl.metadata (3.9 kB)
Collecting wsproto>=0.14 (from trio-websocket~=0.9->selenium)
  Using cached wsproto-1.2.0-py3-none-any.whl.metadata (5.6 kB)
Collecting pysocks!=1.5.7,<2.0,>=1.5.6 (from urllib3[socks]<3,>=1.26->selenium)
  Using cached PySocks-1.7.1-py3-none-any.whl.metadata (13 kB)
Collecting charset-normalizer<4,>=2 (from requests->webdriver-manager)
  Using cached charset_normalizer-3.4.1-cp312-cp312-manylinux_2_17_x86_64.manylinux2014_x86_64.whl.metadata (35 kB)
Collecting h11<1,>=0.9.0 (from wsproto>=0.14->trio-websocket~=0.9->selenium)
  Using cached h11-0.14.0-py3-none-any.whl.metadata (8.2 kB)
Using cached selenium-4.31.0-py3-none-any.whl (9.4 MB)
Using cached webdriver_manager-4.0.2-py2.py3-none-any.whl (27 kB)
Using cached certifi-2025.1.31-py3-none-any.whl (166 kB)
Using cached trio-0.29.0-py3-none-any.whl (492 kB)
Using cached trio_websocket-0.12.2-py3-none-any.whl (21 kB)
Using cached typing_extensions-4.13.2-py3-none-any.whl (45 kB)
Using cached urllib3-2.4.0-py3-none-any.whl (128 kB)
Using cached websocket_client-1.8.0-py3-none-any.whl (58 kB)
Using cached packaging-24.2-py3-none-any.whl (65 kB)
Using cached python_dotenv-1.1.0-py3-none-any.whl (20 kB)
Using cached requests-2.32.3-py3-none-any.whl (64 kB)
Using cached attrs-25.3.0-py3-none-any.whl (63 kB)
Using cached charset_normalizer-3.4.1-cp312-cp312-manylinux_2_17_x86_64.manylinux2014_x86_64.whl (145 kB)
Using cached idna-3.10-py3-none-any.whl (70 kB)
Using cached outcome-1.3.0.post0-py2.py3-none-any.whl (10 kB)
Using cached PySocks-1.7.1-py3-none-any.whl (16 kB)
Using cached sniffio-1.3.1-py3-none-any.whl (10 kB)
Using cached wsproto-1.2.0-py3-none-any.whl (24 kB)
Using cached sortedcontainers-2.4.0-py2.py3-none-any.whl (29 kB)
Using cached h11-0.14.0-py3-none-any.whl (58 kB)
Installing collected packages: sortedcontainers, websocket-client, urllib3, typing_extensions, sniffio, python-dotenv, pysocks, packaging, idna, h11, charset-normalizer, certifi, attrs, wsproto, requests, outcome, webdriver-manager, trio, trio-websocket, selenium
Successfully installed attrs-25.3.0 certifi-2025.1.31 charset-normalizer-3.4.1 h11-0.14.0 idna-3.10 outcome-1.3.0.post0 packaging-24.2 pysocks-1.7.1 python-dotenv-1.1.0 requests-2.32.3 selenium-4.31.0 sniffio-1.3.1 sortedcontainers-2.4.0 trio-0.29.0 trio-websocket-0.12.2 typing_extensions-4.13.2 urllib3-2.4.0 webdriver-manager-4.0.2 websocket-client-1.8.0 wsproto-1.2.0
[0;32m[SUCCESS][0m [2025-04-14 15:27:07] Python íŒ¨í‚¤ì§€ ì„¤ì¹˜ ì™„ë£Œ
[0;33m[INFO][0m [2025-04-14 15:27:07] ë¸Œë¼ìš°ì € ë“œë¼ì´ë²„ ì„¤ì¹˜ ì¤‘...
[0;33m[INFO][0m [2025-04-14 15:27:07] ê°ì§€ëœ Chrome ë²„ì „: 135.0.7049.84 (ì£¼ ë²„ì „: 135)
[0;33m[INFO][0m [2025-04-14 15:27:07] Chrome ë²„ì „ 115 ì´ìƒ ê°ì§€, ìƒˆë¡œìš´ ë‹¤ìš´ë¡œë“œ ë°©ì‹ ì‚¬ìš©
[0;32m[SUCCESS][0m [2025-04-14 15:27:08] Chrome ë“œë¼ì´ë²„ ì„¤ì¹˜ ì™„ë£Œ (ë²„ì „: 135.0.7049.84)
[0;33m[INFO][0m [2025-04-14 15:27:08] PATH í™˜ê²½ë³€ìˆ˜ì— ë“œë¼ì´ë²„ ê²½ë¡œ ì¶”ê°€: /workspace/Crawler/jbnu_crawler/sugang/drivers
[0;33m[INFO][0m [2025-04-14 15:27:08] ë“œë¼ì´ë²„ ì„¤ì¹˜ í™•ì¸ ì¤‘...
[0;32m[SUCCESS][0m [2025-04-14 15:27:08] Chrome ë“œë¼ì´ë²„ ì„¤ì¹˜ í™•ì¸ ì™„ë£Œ (ë²„ì „: 135.0.7049.84)
[0;33m[INFO][0m [2025-04-14 15:27:08] ìƒ˜í”Œ ìŠ¤í¬ë¦½íŠ¸ ìƒì„± ì¤‘...
ìƒ˜í”Œ ìŠ¤í¬ë¦½íŠ¸ë¥¼ ìƒì„±í• ê¹Œìš”? (y/n, ê¸°ë³¸ê°’: y): [0;32m[SUCCESS][0m [2025-04-14 15:27:10] ìƒ˜í”Œ ìŠ¤í¬ë¦½íŠ¸ ìƒì„± ì™„ë£Œ
[0;32m[SUCCESS][0m [2025-04-14 15:27:10] ì…€ë ˆë‹ˆì›€ ì›¹ ìë™í™” í™˜ê²½ ì„¤ì •ì´ ì™„ë£Œë˜ì—ˆìŠµë‹ˆë‹¤.

===== ì„¤ì¹˜ í›„ ì•ˆë‚´ì‚¬í•­ =====

1. ê°€ìƒí™˜ê²½ í™œì„±í™” ë°©ë²•:
   source venv/bin/activate

2. í—¤ë“œë¦¬ìŠ¤ ëª¨ë“œ í…ŒìŠ¤íŠ¸:
   python test_headless.py

3. ìƒ˜í”Œ ìŠ¤í¬ë¦½íŠ¸ ì‹¤í–‰:
   python web_automation.py

4. ë¡œê·¸ ë° ìŠ¤í¬ë¦°ìƒ· í™•ì¸:
   - ë¡œê·¸: logs ë””ë ‰í† ë¦¬
   - ìŠ¤í¬ë¦°ìƒ·: screenshots ë””ë ‰í† ë¦¬
   - ê²°ê³¼: results ë””ë ‰í† ë¦¬

5. ë¬¸ì œ í•´ê²°:
   - í—¤ë“œë¦¬ìŠ¤ ëª¨ë“œì—ì„œ ë¬¸ì œê°€ ë°œìƒí•˜ë©´ 'export DISPLAY=:99' ëª…ë ¹ ì‹¤í–‰
   - ë“œë¼ì´ë²„ ì‹¤í–‰ ê¶Œí•œ ë¬¸ì œ ë°œìƒ ì‹œ 'chmod +x drivers/*' ëª…ë ¹ ì‹¤í–‰

